<?xml version="1.0" encoding="UTF-8"?>
<!-- Generated by org.testng.reporters.JUnitReportReporter -->
<testsuite hostname="DESKTOP-G3C6RHR" failures="0" tests="1" name="test.Register" time="23.901" errors="0" timestamp="2023-06-18T01:32:14 AST" skipped="0">
  <testcase classname="test.Register" name="signup" time="23.901"/>
  <system-out>
    <![CDATA[Data is loaded from properties file.
Data meets requirements
Data entered
Account registered!
<a href="D:\GET Interview\GET_Interview\screenshots\screenshot1.png">Screenshot</a>]]>
  </system-out>
</testsuite> <!-- test.Register -->
